<?xml version="1.0" encoding="UTF-8"?>
<testsuite xmlns:xsi="http://www.w3.org/2001/XMLSchema-instance" xsi:noNamespaceSchemaLocation="https://maven.apache.org/surefire/maven-surefire-plugin/xsd/surefire-test-report.xsd" name="TestSuite" time="226.208" tests="19" errors="0" skipped="0" failures="4">
  <properties>
    <property name="java.runtime.name" value="Java(TM) SE Runtime Environment"/>
    <property name="sun.boot.library.path" value="C:\Program Files\Java\jdk1.8.0_161\jre\bin"/>
    <property name="java.vm.version" value="25.161-b12"/>
    <property name="java.vm.vendor" value="Oracle Corporation"/>
    <property name="maven.multiModuleProjectDirectory" value="C:\Users\User\Documents\GitHub\OrangeHRMTestNGAllure"/>
    <property name="java.vendor.url" value="http://java.oracle.com/"/>
    <property name="path.separator" value=";"/>
    <property name="guice.disable.misplaced.annotation.check" value="true"/>
    <property name="java.vm.name" value="Java HotSpot(TM) 64-Bit Server VM"/>
    <property name="file.encoding.pkg" value="sun.io"/>
    <property name="user.script" value=""/>
    <property name="user.country" value="US"/>
    <property name="sun.java.launcher" value="SUN_STANDARD"/>
    <property name="sun.os.patch.level" value=""/>
    <property name="java.vm.specification.name" value="Java Virtual Machine Specification"/>
    <property name="user.dir" value="C:\Users\User\Documents\GitHub\OrangeHRMTestNGAllure"/>
    <property name="java.runtime.version" value="1.8.0_161-b12"/>
    <property name="java.awt.graphicsenv" value="sun.awt.Win32GraphicsEnvironment"/>
    <property name="java.endorsed.dirs" value="C:\Program Files\Java\jdk1.8.0_161\jre\lib\endorsed"/>
    <property name="os.arch" value="amd64"/>
    <property name="java.io.tmpdir" value="C:\Users\User\AppData\Local\Temp\"/>
    <property name="line.separator" value="&#10;"/>
    <property name="java.vm.specification.vendor" value="Oracle Corporation"/>
    <property name="user.variant" value=""/>
    <property name="os.name" value="Windows 10"/>
    <property name="classworlds.conf" value="C:\Program Files\apache-maven-3.5.3\bin\..\bin\m2.conf"/>
    <property name="sun.jnu.encoding" value="GBK"/>
    <property name="java.library.path" value="C:\Program Files\Java\jdk1.8.0_161\bin;C:\WINDOWS\Sun\Java\bin;C:\WINDOWS\system32;C:\WINDOWS;C:\Program Files (x86)\Common Files\Oracle\Java\javapath;C:\ProgramData\Oracle\Java\javapath;C:\Program Files (x86)\Intel\iCLS Client\;C:\Program Files\Intel\iCLS Client\;C:\Windows\system32;C:\Windows;C:\Windows\System32\Wbem;C:\Windows\System32\WindowsPowerShell\v1.0\;C:\Program Files (x86)\Intel\Intel(R) Management Engine Components\DAL;C:\Program Files\Intel\Intel(R) Management Engine Components\DAL;C:\Program Files (x86)\Intel\Intel(R) Management Engine Components\IPT;C:\Program Files\Intel\Intel(R) Management Engine Components\IPT;C:\Program Files (x86)\NVIDIA Corporation\PhysX\Common;C:\Program Files\Intel\WiFi\bin\;C:\Program Files\Common Files\Intel\WirelessCommon\;C:\Program Files\nodejs\;C:\Program Files\apache-maven-3.5.3\bin;C:\Program Files\apache-maven-3.5.3;C:\Program Files\Java\jdk1.8.0_161\bin;C:\Program Files\Git\cmd;C:\WINDOWS\system32;C:\WINDOWS;C:\WINDOWS\System32\Wbem;C:\WINDOWS\System32\WindowsPowerShell\v1.0\;C:\Program Files\PuTTY\;C:\Users\User\Documents\SELENIUMPRACTICE\OrangeHRMPageFactoryOkta\driver;C:\WINDOWS\System32\OpenSSH\;C:\Program Files\dotnet\;C:\Users\User\AppData\Local\Android\Sdk\platform-tools;C:\Users\User\AppData\Local\Android\Sdk;C:\Users\User\AppData\Local\Android\Sdk\build-tools;C:\Users\User\Documents\SELENIUMPRACTICE\OrangeHRMPageFactoryOkta\driver;C:\Users\User\scoop\shims;C:\Users\User\AppData\Local\Microsoft\WindowsApps;C:\Users\User\AppData\Roaming\npm;C:\Users\User\AppData\Local\GitHubDesktop\bin;C:\Program Files\Microsoft VS Code\bin;C:\Users\User\AppData\Local\Microsoft\WindowsApps;;C:\Users\User\AppData\Local\Programs\Fiddler;C:\Users\User\.dotnet\tools;C:\Users\User\AppData\Local\Programs\Microsoft VS Code\bin;C:\Program Files\Docker Toolbox;."/>
    <property name="maven.conf" value="C:\Program Files\apache-maven-3.5.3\bin\../conf"/>
    <property name="java.specification.name" value="Java Platform API Specification"/>
    <property name="java.class.version" value="52.0"/>
    <property name="sun.management.compiler" value="HotSpot 64-Bit Tiered Compilers"/>
    <property name="os.version" value="10.0"/>
    <property name="library.jansi.path" value="C:\Program Files\apache-maven-3.5.3\bin\..\lib\jansi-native"/>
    <property name="user.home" value="C:\Users\User"/>
    <property name="user.timezone" value="Asia/Singapore"/>
    <property name="java.awt.printerjob" value="sun.awt.windows.WPrinterJob"/>
    <property name="java.specification.version" value="1.8"/>
    <property name="file.encoding" value="GBK"/>
    <property name="user.name" value="User"/>
    <property name="java.class.path" value="C:\Program Files\apache-maven-3.5.3\bin\..\boot\plexus-classworlds-2.5.2.jar"/>
    <property name="java.vm.specification.version" value="1.8"/>
    <property name="sun.arch.data.model" value="64"/>
    <property name="java.home" value="C:\Program Files\Java\jdk1.8.0_161\jre"/>
    <property name="sun.java.command" value="org.codehaus.plexus.classworlds.launcher.Launcher clean test"/>
    <property name="java.specification.vendor" value="Oracle Corporation"/>
    <property name="user.language" value="en"/>
    <property name="awt.toolkit" value="sun.awt.windows.WToolkit"/>
    <property name="java.vm.info" value="mixed mode"/>
    <property name="java.version" value="1.8.0_161"/>
    <property name="java.ext.dirs" value="C:\Program Files\Java\jdk1.8.0_161\jre\lib\ext;C:\WINDOWS\Sun\Java\lib\ext"/>
    <property name="sun.boot.class.path" value="C:\Program Files\Java\jdk1.8.0_161\jre\lib\resources.jar;C:\Program Files\Java\jdk1.8.0_161\jre\lib\rt.jar;C:\Program Files\Java\jdk1.8.0_161\jre\lib\sunrsasign.jar;C:\Program Files\Java\jdk1.8.0_161\jre\lib\jsse.jar;C:\Program Files\Java\jdk1.8.0_161\jre\lib\jce.jar;C:\Program Files\Java\jdk1.8.0_161\jre\lib\charsets.jar;C:\Program Files\Java\jdk1.8.0_161\jre\lib\jfr.jar;C:\Program Files\Java\jdk1.8.0_161\jre\classes"/>
    <property name="sun.stderr.encoding" value="ms936"/>
    <property name="java.vendor" value="Oracle Corporation"/>
    <property name="maven.home" value="C:\Program Files\apache-maven-3.5.3\bin\.."/>
    <property name="file.separator" value="\"/>
    <property name="java.vendor.url.bug" value="http://bugreport.sun.com/bugreport/"/>
    <property name="sun.cpu.endian" value="little"/>
    <property name="sun.io.unicode.encoding" value="UnicodeLittle"/>
    <property name="sun.stdout.encoding" value="ms936"/>
    <property name="sun.desktop" value="windows"/>
    <property name="sun.cpu.isalist" value="amd64"/>
  </properties>
  <testcase name="TC01_login" classname="features.LoginORMTest" time="8.755"/>
  <testcase name="TC02_login" classname="features.LoginORMTest" time="4.553"/>
  <testcase name="TC03_login" classname="features.LoginORMTest" time="4.558"/>
  <testcase name="TC05_login" classname="features.LoginORMTest" time="4.912"/>
  <testcase name="TC06_login" classname="features.LoginORMTest" time="4.571"/>
  <testcase name="TC07_login" classname="features.LoginORMTest" time="5.961"/>
  <testcase name="TC08_login" classname="features.LoginORMTest" time="4.653"/>
  <testcase name="TC02_inquiry" classname="features.InquiryUserOHRMTest" time="14.956"/>
  <testcase name="TC01_home_navigation" classname="features.HomePageNavigationTest" time="6.934"/>
  <testcase name="TC02_home_navigation" classname="features.HomePageNavigationTest" time="16.394"/>
  <testcase name="TC03_home_navigation" classname="features.HomePageNavigationTest" time="8.705"/>
  <testcase name="TC04_home_navigation" classname="features.HomePageNavigationTest" time="7.162"/>
  <testcase name="TC05_home_navigation" classname="features.HomePageNavigationTest" time="8.682"/>
  <testcase name="TC06_home_navigation" classname="features.HomePageNavigationTest" time="8.147">
    <failure message="&#10;Expected: a string containing &quot;http://127.0.0.1/orangehrm-4.0/symfony/web/index.php/recruitment/viewCandidates#&quot;&#10;     but: was &quot;http://127.0.0.1/orangehrm-4.0/symfony/web/index.php/dashboard#&quot;" type="java.lang.AssertionError">java.lang.AssertionError: 

Expected: a string containing "http://127.0.0.1/orangehrm-4.0/symfony/web/index.php/recruitment/viewCandidates#"
     but: was "http://127.0.0.1/orangehrm-4.0/symfony/web/index.php/dashboard#"
	at features.HomePageNavigationTest.TC06_home_navigation(HomePageNavigationTest.java:56)
</failure>
    <system-out><![CDATA[2019-05-31 12:41:02 INFO  Log:8 - ======================================================================================================
2019-05-31 12:41:02 INFO  Log:8 - ================================= END TO END TEST FINISHED ============================================
2019-05-31 12:41:02 INFO  Log:8 - ======================================================================================================
2019-05-31 12:41:04 INFO  Log:8 - ======================================================================================================
2019-05-31 12:41:04 INFO  Log:8 - ================================= END TO END TEST STARTED ============================================
2019-05-31 12:41:04 INFO  Log:8 - ======================================================================================================
I am in onTestStart method TC06_home_navigation start
2019-05-31 12:41:04 INFO  Log:8 - TC06_home_navigation test is starting.
I am in onTestStart method TC06_home_navigation start
2019-05-31 12:41:04 INFO  Log:8 - TC06_home_navigation test is starting.
I am in onTestFailure method TC06_home_navigation failed
Screenshot captured for test case:TC06_home_navigation
I am in onTestFailure method TC06_home_navigation failed
Screenshot captured for test case:TC06_home_navigation
]]></system-out>
    <system-err><![CDATA[Starting ChromeDriver 2.38.551601 (edb21f07fc70e9027c746edd3201443e011a61ed) on port 7190
Only local connections are allowed.
May 31, 2019 12:41:04 PM org.openqa.selenium.remote.ProtocolHandshake createSession
INFO: Detected dialect: OSS
]]></system-err>
  </testcase>
  <testcase name="TC07_home_navigation" classname="features.HomePageNavigationTest" time="10.676"/>
  <testcase name="TC08_home_navigation" classname="features.HomePageNavigationTest" time="21.844"/>
  <testcase name="TC09_home_navigation" classname="features.HomePageNavigationTest" time="7.976">
    <failure message="&#10;Expected: a string containing &quot;Company Name: Okta Jaya Pte Ltd&quot;&#10;     but: was &quot;Company Name:&#10;Version: Orangehrm OS 4.0&#10;Active Employees: 73&#10;Employees Terminated: 0&quot;" type="java.lang.AssertionError">java.lang.AssertionError: 

Expected: a string containing "Company Name: Okta Jaya Pte Ltd"
     but: was "Company Name:
Version: Orangehrm OS 4.0
Active Employees: 73
Employees Terminated: 0"
	at features.HomePageNavigationTest.TC09_home_navigation(HomePageNavigationTest.java:79)
</failure>
    <system-out><![CDATA[2019-05-31 12:41:52 INFO  Log:8 - ======================================================================================================
2019-05-31 12:41:52 INFO  Log:8 - ================================= END TO END TEST FINISHED ============================================
2019-05-31 12:41:52 INFO  Log:8 - ======================================================================================================
2019-05-31 12:41:54 INFO  Log:8 - ======================================================================================================
2019-05-31 12:41:54 INFO  Log:8 - ================================= END TO END TEST STARTED ============================================
2019-05-31 12:41:54 INFO  Log:8 - ======================================================================================================
I am in onTestStart method TC09_home_navigation start
2019-05-31 12:41:54 INFO  Log:8 - TC09_home_navigation test is starting.
I am in onTestStart method TC09_home_navigation start
2019-05-31 12:41:54 INFO  Log:8 - TC09_home_navigation test is starting.
I am in onTestFailure method TC09_home_navigation failed
Screenshot captured for test case:TC09_home_navigation
I am in onTestFailure method TC09_home_navigation failed
Screenshot captured for test case:TC09_home_navigation
]]></system-out>
    <system-err><![CDATA[Starting ChromeDriver 2.38.551601 (edb21f07fc70e9027c746edd3201443e011a61ed) on port 17364
Only local connections are allowed.
May 31, 2019 12:41:54 PM org.openqa.selenium.remote.ProtocolHandshake createSession
INFO: Detected dialect: OSS
]]></system-err>
  </testcase>
  <testcase name="TC04_login" classname="features.LoginORMTest" time="4.951">
    <failure message="&#10;Expected: a string containing &quot;http://127.0.0.1/orangehrm-4.0/symfony/web/index.php/dashboard&quot;&#10;     but: was &quot;http://127.0.0.1/orangehrm-4.0/symfony/web/index.php/auth/validateCredentials&quot;" type="java.lang.AssertionError">java.lang.AssertionError: 

Expected: a string containing "http://127.0.0.1/orangehrm-4.0/symfony/web/index.php/dashboard"
     but: was "http://127.0.0.1/orangehrm-4.0/symfony/web/index.php/auth/validateCredentials"
	at features.LoginORMTest.TC04_login(LoginORMTest.java:49)
</failure>
    <system-out><![CDATA[2019-05-31 12:42:03 INFO  Log:8 - ======================================================================================================
2019-05-31 12:42:03 INFO  Log:8 - ================================= END TO END TEST FINISHED ============================================
2019-05-31 12:42:03 INFO  Log:8 - ======================================================================================================
2019-05-31 12:42:05 INFO  Log:8 - ======================================================================================================
2019-05-31 12:42:05 INFO  Log:8 - ================================= END TO END TEST STARTED ============================================
2019-05-31 12:42:05 INFO  Log:8 - ======================================================================================================
I am in onTestStart method TC04_login start
2019-05-31 12:42:05 INFO  Log:8 - TC04_login test is starting.
I am in onTestStart method TC04_login start
2019-05-31 12:42:05 INFO  Log:8 - TC04_login test is starting.
I am in onTestFailure method TC04_login failed
Screenshot captured for test case:TC04_login
I am in onTestFailure method TC04_login failed
Screenshot captured for test case:TC04_login
]]></system-out>
    <system-err><![CDATA[Starting ChromeDriver 2.38.551601 (edb21f07fc70e9027c746edd3201443e011a61ed) on port 43312
Only local connections are allowed.
May 31, 2019 12:42:05 PM org.openqa.selenium.remote.ProtocolHandshake createSession
INFO: Detected dialect: OSS
]]></system-err>
  </testcase>
  <testcase name="TC01_inquiry" classname="features.InquiryUserOHRMTest" time="9.136">
    <failure message="no such element: Unable to locate element: {&quot;method&quot;:&quot;id&quot;,&quot;selector&quot;:&quot;resultTable&quot;}&#10;  (Session info: chrome=74.0.3729.169)&#10;  (Driver info: chromedriver=2.38.551601 (edb21f07fc70e9027c746edd3201443e011a61ed),platform=Windows NT 10.0.17134 x86_64) (WARNING: The server did not provide any stacktrace information)&#10;Command duration or timeout: 0 milliseconds&#10;For documentation on this error, please visit: https://www.seleniumhq.org/exceptions/no_such_element.html&#10;Build info: version: &apos;3.141.59&apos;, revision: &apos;e82be7d358&apos;, time: &apos;2018-11-14T08:17:03&apos;&#10;System info: host: &apos;DESKTOP-1DCFOTD&apos;, ip: &apos;172.18.138.1&apos;, os.name: &apos;Windows 10&apos;, os.arch: &apos;amd64&apos;, os.version: &apos;10.0&apos;, java.version: &apos;1.8.0_161&apos;&#10;Driver info: org.openqa.selenium.chrome.ChromeDriver&#10;Capabilities {acceptInsecureCerts: false, acceptSslCerts: false, applicationCacheEnabled: false, browserConnectionEnabled: false, browserName: chrome, chrome: {chromedriverVersion: 2.38.551601 (edb21f07fc70e9..., userDataDir: C:\Users\User\AppData\Local...}, cssSelectorsEnabled: true, databaseEnabled: false, handlesAlerts: true, hasTouchScreen: false, javascriptEnabled: true, locationContextEnabled: true, mobileEmulationEnabled: false, nativeEvents: true, networkConnectionEnabled: false, pageLoadStrategy: normal, platform: XP, platformName: XP, rotatable: false, setWindowRect: true, takesHeapSnapshot: true, takesScreenshot: true, unexpectedAlertBehaviour: , unhandledPromptBehavior: , version: 74.0.3729.169, webStorageEnabled: true}&#10;Session ID: 6c3f42bb3431a6558eb65ca388eb5b8c&#10;*** Element info: {Using=id, value=resultTable}" type="org.openqa.selenium.NoSuchElementException">org.openqa.selenium.NoSuchElementException: 
no such element: Unable to locate element: {"method":"id","selector":"resultTable"}
  (Session info: chrome=74.0.3729.169)
  (Driver info: chromedriver=2.38.551601 (edb21f07fc70e9027c746edd3201443e011a61ed),platform=Windows NT 10.0.17134 x86_64) (WARNING: The server did not provide any stacktrace information)
Command duration or timeout: 0 milliseconds
For documentation on this error, please visit: https://www.seleniumhq.org/exceptions/no_such_element.html
Build info: version: '3.141.59', revision: 'e82be7d358', time: '2018-11-14T08:17:03'
System info: host: 'DESKTOP-1DCFOTD', ip: '172.18.138.1', os.name: 'Windows 10', os.arch: 'amd64', os.version: '10.0', java.version: '1.8.0_161'
Driver info: org.openqa.selenium.chrome.ChromeDriver
Capabilities {acceptInsecureCerts: false, acceptSslCerts: false, applicationCacheEnabled: false, browserConnectionEnabled: false, browserName: chrome, chrome: {chromedriverVersion: 2.38.551601 (edb21f07fc70e9..., userDataDir: C:\Users\User\AppData\Local...}, cssSelectorsEnabled: true, databaseEnabled: false, handlesAlerts: true, hasTouchScreen: false, javascriptEnabled: true, locationContextEnabled: true, mobileEmulationEnabled: false, nativeEvents: true, networkConnectionEnabled: false, pageLoadStrategy: normal, platform: XP, platformName: XP, rotatable: false, setWindowRect: true, takesHeapSnapshot: true, takesScreenshot: true, unexpectedAlertBehaviour: , unhandledPromptBehavior: , version: 74.0.3729.169, webStorageEnabled: true}
Session ID: 6c3f42bb3431a6558eb65ca388eb5b8c
*** Element info: {Using=id, value=resultTable}
	at features.InquiryUserOHRMTest.TC01_inquiry(InquiryUserOHRMTest.java:22)
</failure>
    <system-out><![CDATA[2019-05-31 12:42:11 INFO  Log:8 - ======================================================================================================
2019-05-31 12:42:11 INFO  Log:8 - ================================= END TO END TEST FINISHED ============================================
2019-05-31 12:42:11 INFO  Log:8 - ======================================================================================================
2019-05-31 12:42:13 INFO  Log:8 - ======================================================================================================
2019-05-31 12:42:13 INFO  Log:8 - ================================= END TO END TEST STARTED ============================================
2019-05-31 12:42:13 INFO  Log:8 - ======================================================================================================
I am in onTestStart method TC01_inquiry start
2019-05-31 12:42:13 INFO  Log:8 - TC01_inquiry test is starting.
I am in onTestStart method TC01_inquiry start
2019-05-31 12:42:13 INFO  Log:8 - TC01_inquiry test is starting.
I am in onTestFailure method TC01_inquiry failed
Screenshot captured for test case:TC01_inquiry
I am in onTestFailure method TC01_inquiry failed
Screenshot captured for test case:TC01_inquiry
]]></system-out>
    <system-err><![CDATA[Starting ChromeDriver 2.38.551601 (edb21f07fc70e9027c746edd3201443e011a61ed) on port 19067
Only local connections are allowed.
May 31, 2019 12:42:13 PM org.openqa.selenium.remote.ProtocolHandshake createSession
INFO: Detected dialect: OSS
]]></system-err>
  </testcase>
</testsuite>