<?xml version="1.0" encoding="UTF-8"?>
<!-- Generated by org.testng.reporters.JUnitReportReporter -->
<testsuite skipped="2" hostname="DESKTOP-1DCFOTD" name="features.HomePageNavigationTest" tests="11" failures="2" timestamp="29 May 2019 08:23:25 GMT" time="83.504" errors="0">
  <testcase name="TC06_home_navigation" time="5.599" classname="features.HomePageNavigationTest">
    <failure type="java.lang.AssertionError" message="
Expected: a string containing &quot;http://127.0.0.1/orangehrm-4.0/symfony/web/index.php/recruitment/viewCandidates#&quot;
     but: was &quot;http://127.0.0.1/orangehrm-4.0/symfony/web/index.php/dashboard#&quot;">
      <![CDATA[java.lang.AssertionError: 
Expected: a string containing "http://127.0.0.1/orangehrm-4.0/symfony/web/index.php/recruitment/viewCandidates#"
     but: was "http://127.0.0.1/orangehrm-4.0/symfony/web/index.php/dashboard#"
at org.hamcrest.MatcherAssert.assertThat(MatcherAssert.java:20)
at org.hamcrest.MatcherAssert.assertThat(MatcherAssert.java:8)
at pages.HomePage.verifyLandingToCorrectPage(HomePage.java:125)
at features.HomePageNavigationTest.TC06_home_navigation(HomePageNavigationTest.java:56)
at sun.reflect.NativeMethodAccessorImpl.invoke0(Native Method)
at sun.reflect.NativeMethodAccessorImpl.invoke(NativeMethodAccessorImpl.java:62)
at sun.reflect.DelegatingMethodAccessorImpl.invoke(DelegatingMethodAccessorImpl.java:43)
at java.lang.reflect.Method.invoke(Method.java:498)
at org.testng.internal.MethodInvocationHelper.invokeMethod(MethodInvocationHelper.java:124)
at org.testng.internal.Invoker.invokeMethod(Invoker.java:583)
at org.testng.internal.Invoker.retryFailed(Invoker.java:839)
at org.testng.internal.Invoker.invokeTestMethods(Invoker.java:1010)
at org.testng.internal.TestMethodWorker.invokeTestMethods(TestMethodWorker.java:125)
at org.testng.internal.TestMethodWorker.run(TestMethodWorker.java:109)
at org.testng.TestRunner.privateRun(TestRunner.java:648)
at org.testng.TestRunner.run(TestRunner.java:505)
at org.testng.SuiteRunner.runTest(SuiteRunner.java:455)
at org.testng.SuiteRunner.runSequentially(SuiteRunner.java:450)
at org.testng.SuiteRunner.privateRun(SuiteRunner.java:415)
at org.testng.SuiteRunner.run(SuiteRunner.java:364)
at org.testng.SuiteRunnerWorker.runSuite(SuiteRunnerWorker.java:52)
at org.testng.SuiteRunnerWorker.run(SuiteRunnerWorker.java:84)
at org.testng.TestNG.runSuitesSequentially(TestNG.java:1208)
at org.testng.TestNG.runSuitesLocally(TestNG.java:1137)
at org.testng.TestNG.runSuites(TestNG.java:1049)
at org.testng.TestNG.run(TestNG.java:1017)
at org.apache.maven.surefire.testng.TestNGExecutor.run(TestNGExecutor.java:283)
at org.apache.maven.surefire.testng.TestNGXmlTestSuite.execute(TestNGXmlTestSuite.java:75)
at org.apache.maven.surefire.testng.TestNGProvider.invoke(TestNGProvider.java:120)
at org.apache.maven.surefire.booter.ForkedBooter.invokeProviderInSameClassLoader(ForkedBooter.java:386)
at org.apache.maven.surefire.booter.ForkedBooter.runSuitesInProcess(ForkedBooter.java:323)
at org.apache.maven.surefire.booter.ForkedBooter.main(ForkedBooter.java:143)
]]>
    </failure>
  </testcase> <!-- TC06_home_navigation -->
  <testcase name="TC08_home_navigation" time="16.940" classname="features.HomePageNavigationTest"/>
  <testcase name="TC04_home_navigation" time="6.743" classname="features.HomePageNavigationTest"/>
  <testcase name="TC01_home_navigation" time="8.202" classname="features.HomePageNavigationTest"/>
  <testcase name="TC09_home_navigation" time="6.330" classname="features.HomePageNavigationTest">
    <skipped/>
  </testcase> <!-- TC09_home_navigation -->
  <testcase name="TC06_home_navigation" time="6.029" classname="features.HomePageNavigationTest">
    <skipped/>
  </testcase> <!-- TC06_home_navigation -->
  <testcase name="TC05_home_navigation" time="6.926" classname="features.HomePageNavigationTest"/>
  <testcase name="TC03_home_navigation" time="7.104" classname="features.HomePageNavigationTest"/>
  <testcase name="TC07_home_navigation" time="6.445" classname="features.HomePageNavigationTest"/>
  <testcase name="TC02_home_navigation" time="6.919" classname="features.HomePageNavigationTest"/>
  <testcase name="TC09_home_navigation" time="6.267" classname="features.HomePageNavigationTest">
    <failure type="java.lang.AssertionError" message="
Expected: a string containing &quot;Company Name: Okta Jaya Pte Ltd&quot;
     but: was &quot;Company Name:
Version: Orangehrm OS 4.0
Active Employees: 73
Employees Terminated: 0&quot;">
      <![CDATA[java.lang.AssertionError: 
Expected: a string containing "Company Name: Okta Jaya Pte Ltd"
     but: was "Company Name:
Version: Orangehrm OS 4.0
Active Employees: 73
Employees Terminated: 0"
at org.hamcrest.MatcherAssert.assertThat(MatcherAssert.java:20)
at org.hamcrest.MatcherAssert.assertThat(MatcherAssert.java:8)
at pages.HomePage.verifyModalIsDisplayedWithInformativeMessage(HomePage.java:167)
at features.HomePageNavigationTest.TC09_home_navigation(HomePageNavigationTest.java:79)
at sun.reflect.NativeMethodAccessorImpl.invoke0(Native Method)
at sun.reflect.NativeMethodAccessorImpl.invoke(NativeMethodAccessorImpl.java:62)
at sun.reflect.DelegatingMethodAccessorImpl.invoke(DelegatingMethodAccessorImpl.java:43)
at java.lang.reflect.Method.invoke(Method.java:498)
at org.testng.internal.MethodInvocationHelper.invokeMethod(MethodInvocationHelper.java:124)
at org.testng.internal.Invoker.invokeMethod(Invoker.java:583)
at org.testng.internal.Invoker.retryFailed(Invoker.java:839)
at org.testng.internal.Invoker.invokeTestMethods(Invoker.java:1010)
at org.testng.internal.TestMethodWorker.invokeTestMethods(TestMethodWorker.java:125)
at org.testng.internal.TestMethodWorker.run(TestMethodWorker.java:109)
at org.testng.TestRunner.privateRun(TestRunner.java:648)
at org.testng.TestRunner.run(TestRunner.java:505)
at org.testng.SuiteRunner.runTest(SuiteRunner.java:455)
at org.testng.SuiteRunner.runSequentially(SuiteRunner.java:450)
at org.testng.SuiteRunner.privateRun(SuiteRunner.java:415)
at org.testng.SuiteRunner.run(SuiteRunner.java:364)
at org.testng.SuiteRunnerWorker.runSuite(SuiteRunnerWorker.java:52)
at org.testng.SuiteRunnerWorker.run(SuiteRunnerWorker.java:84)
at org.testng.TestNG.runSuitesSequentially(TestNG.java:1208)
at org.testng.TestNG.runSuitesLocally(TestNG.java:1137)
at org.testng.TestNG.runSuites(TestNG.java:1049)
at org.testng.TestNG.run(TestNG.java:1017)
at org.apache.maven.surefire.testng.TestNGExecutor.run(TestNGExecutor.java:283)
at org.apache.maven.surefire.testng.TestNGXmlTestSuite.execute(TestNGXmlTestSuite.java:75)
at org.apache.maven.surefire.testng.TestNGProvider.invoke(TestNGProvider.java:120)
at org.apache.maven.surefire.booter.ForkedBooter.invokeProviderInSameClassLoader(ForkedBooter.java:386)
at org.apache.maven.surefire.booter.ForkedBooter.runSuitesInProcess(ForkedBooter.java:323)
at org.apache.maven.surefire.booter.ForkedBooter.main(ForkedBooter.java:143)
]]>
    </failure>
  </testcase> <!-- TC09_home_navigation -->
</testsuite> <!-- features.HomePageNavigationTest -->
